# JRE version: Java(TM) SE Runtime Environment (8.0_221-b11) (build 1.8.0_221-b11)
# Java VM: Java HotSpot(TM) 64-Bit Server VM (25.221-b11 mixed mode windows-amd64 compressed oops)
Heap:
 PSYoungGen      total 33792K, used 24398K [0x00000000d6d00000, 0x00000000dac80000, 0x0000000100000000)
  eden space 28672K, 72% used [0x00000000d6d00000,0x00000000d8158768,0x00000000d8900000)
  from space 5120K, 69% used [0x00000000d9100000,0x00000000d947b0f0,0x00000000d9600000)
  to   space 8192K, 0% used [0x00000000d8900000,0x00000000d8900000,0x00000000d9100000)
 ParOldGen       total 54784K, used 6385K [0x0000000084600000, 0x0000000087b80000, 0x00000000d6d00000)
  object space 54784K, 11% used [0x0000000084600000,0x0000000084c3c660,0x0000000087b80000)
 Metaspace       used 24245K, capacity 25650K, committed 25856K, reserved 1071104K
  class space    used 3223K, capacity 3515K, committed 3584K, reserved 1048576K
GC Heap History (10 events):
Event: 1.285 GC heap before
{Heap before GC invocations=3 (full 0):
 PSYoungGen      total 36864K, used 36861K [0x00000000d6d00000, 0x00000000d9600000, 0x0000000100000000)
  eden space 31744K, 100% used [0x00000000d6d00000,0x00000000d8c00000,0x00000000d8c00000)
  from space 5120K, 99% used [0x00000000d9100000,0x00000000d95ff6b8,0x00000000d9600000)
  to   space 5120K, 0% used [0x00000000d8c00000,0x00000000d8c00000,0x00000000d9100000)
 ParOldGen       total 84992K, used 105K [0x0000000084600000, 0x0000000089900000, 0x00000000d6d00000)
  object space 84992K, 0% used [0x0000000084600000,0x000000008461a7d0,0x0000000089900000)
 Metaspace       used 15460K, capacity 16542K, committed 16896K, reserved 1064960K
  class space    used 1960K, capacity 2195K, committed 2304K, reserved 1048576K
Event: 1.289 GC heap after
Heap after GC invocations=3 (full 0):
 PSYoungGen      total 36864K, used 5100K [0x00000000d6d00000, 0x00000000d9600000, 0x0000000100000000)
  eden space 31744K, 0% used [0x00000000d6d00000,0x00000000d6d00000,0x00000000d8c00000)
  from space 5120K, 99% used [0x00000000d8c00000,0x00000000d90fb1f0,0x00000000d9100000)
  to   space 5120K, 0% used [0x00000000d9100000,0x00000000d9100000,0x00000000d9600000)
 ParOldGen       total 84992K, used 638K [0x0000000084600000, 0x0000000089900000, 0x00000000d6d00000)
  object space 84992K, 0% used [0x0000000084600000,0x000000008469fb28,0x0000000089900000)
 Metaspace       used 15460K, capacity 16542K, committed 16896K, reserved 1064960K
  class space    used 1960K, capacity 2195K, committed 2304K, reserved 1048576K
}
Event: 1.502 GC heap before
{Heap before GC invocations=4 (full 0):
 PSYoungGen      total 36864K, used 36844K [0x00000000d6d00000, 0x00000000d9600000, 0x0000000100000000)
  eden space 31744K, 100% used [0x00000000d6d00000,0x00000000d8c00000,0x00000000d8c00000)
  from space 5120K, 99% used [0x00000000d8c00000,0x00000000d90fb1f0,0x00000000d9100000)
  to   space 5120K, 0% used [0x00000000d9100000,0x00000000d9100000,0x00000000d9600000)
 ParOldGen       total 84992K, used 638K [0x0000000084600000, 0x0000000089900000, 0x00000000d6d00000)
  object space 84992K, 0% used [0x0000000084600000,0x000000008469fb28,0x0000000089900000)
 Metaspace       used 18164K, capacity 19418K, committed 19584K, reserved 1067008K
  class space    used 2423K, capacity 2681K, committed 2688K, reserved 1048576K
Event: 1.506 GC heap after
Heap after GC invocations=4 (full 0):
 PSYoungGen      total 36864K, used 5101K [0x00000000d6d00000, 0x00000000d9600000, 0x0000000100000000)
  eden space 31744K, 0% used [0x00000000d6d00000,0x00000000d6d00000,0x00000000d8c00000)
  from space 5120K, 99% used [0x00000000d9100000,0x00000000d95fb498,0x00000000d9600000)
  to   space 5120K, 0% used [0x00000000d8c00000,0x00000000d8c00000,0x00000000d9100000)
 ParOldGen       total 84992K, used 1990K [0x0000000084600000, 0x0000000089900000, 0x00000000d6d00000)
  object space 84992K, 2% used [0x0000000084600000,0x00000000847f1be8,0x0000000089900000)
 Metaspace       used 18164K, capacity 19418K, committed 19584K, reserved 1067008K
  class space    used 2423K, capacity 2681K, committed 2688K, reserved 1048576K
}
Event: 1.625 GC heap before
{Heap before GC invocations=5 (full 0):
 PSYoungGen      total 36864K, used 26900K [0x00000000d6d00000, 0x00000000d9600000, 0x0000000100000000)
  eden space 31744K, 68% used [0x00000000d6d00000,0x00000000d8249e08,0x00000000d8c00000)
  from space 5120K, 99% used [0x00000000d9100000,0x00000000d95fb498,0x00000000d9600000)
  to   space 5120K, 0% used [0x00000000d8c00000,0x00000000d8c00000,0x00000000d9100000)
 ParOldGen       total 84992K, used 1990K [0x0000000084600000, 0x0000000089900000, 0x00000000d6d00000)
  object space 84992K, 2% used [0x0000000084600000,0x00000000847f1be8,0x0000000089900000)
 Metaspace       used 19881K, capacity 21126K, committed 21248K, reserved 1067008K
  class space    used 2717K, capacity 2967K, committed 3072K, reserved 1048576K
Event: 1.630 GC heap after
Heap after GC invocations=5 (full 0):
 PSYoungGen      total 36864K, used 5110K [0x00000000d6d00000, 0x00000000d9600000, 0x0000000100000000)
  eden space 31744K, 0% used [0x00000000d6d00000,0x00000000d6d00000,0x00000000d8c00000)
  from space 5120K, 99% used [0x00000000d8c00000,0x00000000d90fd948,0x00000000d9100000)
  to   space 5120K, 0% used [0x00000000d9100000,0x00000000d9100000,0x00000000d9600000)
 ParOldGen       total 84992K, used 3499K [0x0000000084600000, 0x0000000089900000, 0x00000000d6d00000)
  object space 84992K, 4% used [0x0000000084600000,0x000000008496af58,0x0000000089900000)
 Metaspace       used 19881K, capacity 21126K, committed 21248K, reserved 1067008K
  class space    used 2717K, capacity 2967K, committed 3072K, reserved 1048576K
}
Event: 1.630 GC heap before
{Heap before GC invocations=6 (full 1):
 PSYoungGen      total 36864K, used 5110K [0x00000000d6d00000, 0x00000000d9600000, 0x0000000100000000)
  eden space 31744K, 0% used [0x00000000d6d00000,0x00000000d6d00000,0x00000000d8c00000)
  from space 5120K, 99% used [0x00000000d8c00000,0x00000000d90fd948,0x00000000d9100000)
  to   space 5120K, 0% used [0x00000000d9100000,0x00000000d9100000,0x00000000d9600000)
 ParOldGen       total 84992K, used 3499K [0x0000000084600000, 0x0000000089900000, 0x00000000d6d00000)
  object space 84992K, 4% used [0x0000000084600000,0x000000008496af58,0x0000000089900000)
 Metaspace       used 19881K, capacity 21126K, committed 21248K, reserved 1067008K
  class space    used 2717K, capacity 2967K, committed 3072K, reserved 1048576K
Event: 1.656 GC heap after
Heap after GC invocations=6 (full 1):
 PSYoungGen      total 36864K, used 0K [0x00000000d6d00000, 0x00000000d9600000, 0x0000000100000000)
  eden space 31744K, 0% used [0x00000000d6d00000,0x00000000d6d00000,0x00000000d8c00000)
  from space 5120K, 0% used [0x00000000d8c00000,0x00000000d8c00000,0x00000000d9100000)
  to   space 5120K, 0% used [0x00000000d9100000,0x00000000d9100000,0x00000000d9600000)
 ParOldGen       total 54784K, used 6377K [0x0000000084600000, 0x0000000087b80000, 0x00000000d6d00000)
  object space 54784K, 11% used [0x0000000084600000,0x0000000084c3a660,0x0000000087b80000)
 Metaspace       used 19881K, capacity 21126K, committed 21248K, reserved 1067008K
  class space    used 2717K, capacity 2967K, committed 3072K, reserved 1048576K
}
Event: 1.884 GC heap before
{Heap before GC invocations=7 (full 1):
 PSYoungGen      total 36864K, used 31744K [0x00000000d6d00000, 0x00000000d9600000, 0x0000000100000000)
  eden space 31744K, 100% used [0x00000000d6d00000,0x00000000d8c00000,0x00000000d8c00000)
  from space 5120K, 0% used [0x00000000d8c00000,0x00000000d8c00000,0x00000000d9100000)
  to   space 5120K, 0% used [0x00000000d9100000,0x00000000d9100000,0x00000000d9600000)
 ParOldGen       total 54784K, used 6377K [0x0000000084600000, 0x0000000087b80000, 0x00000000d6d00000)
  object space 54784K, 11% used [0x0000000084600000,0x0000000084c3a660,0x0000000087b80000)
 Metaspace       used 22469K, capacity 23868K, committed 24064K, reserved 1071104K
  class space    used 3033K, capacity 3314K, committed 3328K, reserved 1048576K
Event: 1.886 GC heap after
Heap after GC invocations=7 (full 1):
 PSYoungGen      total 33792K, used 3564K [0x00000000d6d00000, 0x00000000dac80000, 0x0000000100000000)
  eden space 28672K, 0% used [0x00000000d6d00000,0x00000000d6d00000,0x00000000d8900000)
  from space 5120K, 69% used [0x00000000d9100000,0x00000000d947b0f0,0x00000000d9600000)
  to   space 8192K, 0% used [0x00000000d8900000,0x00000000d8900000,0x00000000d9100000)
 ParOldGen       total 54784K, used 6385K [0x0000000084600000, 0x0000000087b80000, 0x00000000d6d00000)
  object space 54784K, 11% used [0x0000000084600000,0x0000000084c3c660,0x0000000087b80000)
 Metaspace       used 22469K, capacity 23868K, committed 24064K, reserved 1071104K
  class space    used 3033K, capacity 3314K, committed 3328K, reserved 1048576K
}

